D:\TESR\TION1\TION1\DEBUG\DETECTION.OBJ
D:\TESR\TION1\TION1\DEBUG\FACR.OBJ
D:\TESR\TION1\TION1\DEBUG\HASH_MAP.OBJ
D:\TESR\TION1\TION1\DEBUG\RECOGNIZER.OBJ
D:\TESR\TION1\TION1\DEBUG\PICTURE-R.OBJ
D:\TESR\TION1\TION1\DEBUG\RECOGNIZER_SOCKET_THREAD.OBJ
D:\TESR\TION1\TION1\DEBUG\UDPCLIENT.OBJ
D:\TESR\TION1\TION1\DEBUG\UDPSERVER.OBJ
D:\TESR\TION1\TION1\DEBUG\VC110.PDB
D:\TESR\TION1\TION1\DEBUG\RECOGNIZER_STRUCT.OBJ
D:\TESR\TION1\DEBUG\TION1.ILK
D:\TESR\TION1\DEBUG\TION1.EXE
D:\TESR\TION1\DEBUG\TION1.PDB
D:\tesr\tion1\tion1\Debug\Detection.obj
D:\tesr\tion1\tion1\Debug\facr.obj
D:\tesr\tion1\tion1\Debug\hash_map.obj
D:\tesr\tion1\tion1\Debug\picture-R.obj
D:\tesr\tion1\tion1\Debug\Recognizer.obj
D:\tesr\tion1\tion1\Debug\Recognizer_socket_thread.obj
D:\tesr\tion1\tion1\Debug\Recognizer_struct.obj
D:\tesr\tion1\tion1\Debug\UDPClient.obj
D:\tesr\tion1\tion1\Debug\UDPServer.obj
D:\tesr\tion1\tion1\Debug\cl.command.1.tlog
D:\tesr\tion1\tion1\Debug\CL.read.1.tlog
D:\tesr\tion1\tion1\Debug\CL.write.1.tlog
D:\tesr\tion1\tion1\Debug\link-cvtres.read.1.tlog
D:\tesr\tion1\tion1\Debug\link-cvtres.write.1.tlog
D:\tesr\tion1\tion1\Debug\link-rc.read.1.tlog
D:\tesr\tion1\tion1\Debug\link-rc.write.1.tlog
D:\tesr\tion1\tion1\Debug\link.10664-cvtres.read.1.tlog
D:\tesr\tion1\tion1\Debug\link.10664-cvtres.write.1.tlog
D:\tesr\tion1\tion1\Debug\link.10664-rc.read.1.tlog
D:\tesr\tion1\tion1\Debug\link.10664-rc.write.1.tlog
D:\tesr\tion1\tion1\Debug\link.10664.read.1.tlog
D:\tesr\tion1\tion1\Debug\link.10664.write.1.tlog
D:\tesr\tion1\tion1\Debug\link.10944-cvtres.read.1.tlog
D:\tesr\tion1\tion1\Debug\link.10944-cvtres.write.1.tlog
D:\tesr\tion1\tion1\Debug\link.10944-rc.read.1.tlog
D:\tesr\tion1\tion1\Debug\link.10944-rc.write.1.tlog
D:\tesr\tion1\tion1\Debug\link.10944.read.1.tlog
D:\tesr\tion1\tion1\Debug\link.10944.write.1.tlog
D:\tesr\tion1\tion1\Debug\link.1372-cvtres.read.1.tlog
D:\tesr\tion1\tion1\Debug\link.1372-cvtres.write.1.tlog
D:\tesr\tion1\tion1\Debug\link.1372-rc.read.1.tlog
D:\tesr\tion1\tion1\Debug\link.1372-rc.write.1.tlog
D:\tesr\tion1\tion1\Debug\link.1372.read.1.tlog
D:\tesr\tion1\tion1\Debug\link.1372.write.1.tlog
D:\tesr\tion1\tion1\Debug\link.1400-cvtres.read.1.tlog
D:\tesr\tion1\tion1\Debug\link.1400-cvtres.write.1.tlog
D:\tesr\tion1\tion1\Debug\link.1400-rc.read.1.tlog
D:\tesr\tion1\tion1\Debug\link.1400-rc.write.1.tlog
D:\tesr\tion1\tion1\Debug\link.1400.read.1.tlog
D:\tesr\tion1\tion1\Debug\link.1400.write.1.tlog
D:\tesr\tion1\tion1\Debug\link.command.1.tlog
D:\tesr\tion1\tion1\Debug\link.read.1.tlog
D:\tesr\tion1\tion1\Debug\link.write.1.tlog
D:\tesr\tion1\tion1\Debug\vc110.idb
D:\tesr\tion1\tion1\Debug\vc110.pdb
D:\tesr\tion1\Debug\tion1.pdb
D:\tesr\tion1\Debug\tion1.exe
D:\tesr\tion1\Debug\tion1.ilk
